<?xml version="1.0" encoding="UTF-8"?>
<!-- Generated by org.testng.reporters.JUnitReportReporter -->
<testsuite hostname="Mangesh-PC" failures="0" tests="6" name="com.jbk.TestNGGrid" time="3.356" errors="0" timestamp="05 Dec 2018 09:46:47 GMT" skipped="0">
  <testcase classname="com.jbk.TestNGGrid" name="testUnameBlankMessage" time="1.909"/>
  <testcase classname="com.jbk.TestNGGrid" name="testUnameBlankMessage" time="1.175"/>
  <testcase classname="com.jbk.TestNGGrid" name="verifyTitle" time="0.045"/>
  <testcase classname="com.jbk.TestNGGrid" name="verifyTitle" time="0.028"/>
  <testcase classname="com.jbk.TestNGGrid" name="teardown" time="0.040"/>
  <testcase classname="com.jbk.TestNGGrid" name="teardown" time="0.159"/>
</testsuite> <!-- com.jbk.TestNGGrid -->
